{"uid":"cd0d28584b824d73","name":"Bejelentkezés - sikeresen","fullName":"Vizsgaremek_POM.test_main_conduit.Test_Main_Conduit#test_signin_succesfully","historyId":"150ab9ec3ecff787d993077cd07e1d21","time":{"start":1680816975973,"stop":1680817000536,"duration":24563},"status":"broken","statusMessage":"selenium.common.exceptions.NoSuchElementException: Message: no such element: Unable to locate element: {\"method\":\"xpath\",\"selector\":\"/html/body/div[1]/div/div/div/div/form/button\"}\n  (Session info: headless chrome=111.0.5563.146)\nStacktrace:\n#0 0x5583a296a243 <unknown>\n#1 0x5583a272e7a6 <unknown>\n#2 0x5583a276b64d <unknown>\n#3 0x5583a276b761 <unknown>\n#4 0x5583a27a6da4 <unknown>\n#5 0x5583a278c0ad <unknown>\n#6 0x5583a27a4932 <unknown>\n#7 0x5583a278be53 <unknown>\n#8 0x5583a275e9ea <unknown>\n#9 0x5583a275fb2e <unknown>\n#10 0x5583a29bed5e <unknown>\n#11 0x5583a29c2a80 <unknown>\n#12 0x5583a29a48b0 <unknown>\n#13 0x5583a29c3b63 <unknown>\n#14 0x5583a2995f75 <unknown>\n#15 0x5583a29e6998 <unknown>\n#16 0x5583a29e6b27 <unknown>\n#17 0x5583a2a01c23 <unknown>\n#18 0x7efc051e3b43 <unknown>","statusTrace":"self = <test_main_conduit.Test_Main_Conduit object at 0x7f58beddd690>\n\n    @allure.id('TC5')\n    @allure.title('Bejelentkezés - sikeresen')\n    def test_signin_succesfully(self):\n        self.test_signup_succesfully_and_data_input_iteration()\n        time.sleep(6)\n        self.conduit.logout_Btn2().click()\n        time.sleep(2)\n        self.conduit.sign_in_Btn().click()\n        time.sleep(6)\n        # self.conduit.email_input_signup().send_keys(test_list[1])\n        # self.conduit.password_input_signup().send_keys(test_list[2])\n        signup_inputs = self.conduit.sign_up_inputs()\n        counter = 1\n        for input in signup_inputs:\n            input.send_keys(test_list[counter])\n            counter += 1\n        time.sleep(3)\n>       self.conduit.sign_up_Btn_green_1().click()\n\nVizsgaremek_POM/test_main_conduit.py:107: \n_ _ _ _ _ _ _ _ _ _ _ _ _ _ _ _ _ _ _ _ _ _ _ _ _ _ _ _ _ _ _ _ _ _ _ _ _ _ _ _ \nVizsgaremek_POM/field_identification.py:53: in sign_up_Btn_green_1\n    return self.browser.find_element(By.XPATH, '/html/body/div[1]/div/div/div/div/form/button')\n/opt/hostedtoolcache/Python/3.10.10/x64/lib/python3.10/site-packages/selenium/webdriver/remote/webdriver.py:831: in find_element\n    return self.execute(Command.FIND_ELEMENT, {\"using\": by, \"value\": value})[\"value\"]\n/opt/hostedtoolcache/Python/3.10.10/x64/lib/python3.10/site-packages/selenium/webdriver/remote/webdriver.py:440: in execute\n    self.error_handler.check_response(response)\n_ _ _ _ _ _ _ _ _ _ _ _ _ _ _ _ _ _ _ _ _ _ _ _ _ _ _ _ _ _ _ _ _ _ _ _ _ _ _ _ \n\nself = <selenium.webdriver.remote.errorhandler.ErrorHandler object at 0x7f58bee64610>\nresponse = {'status': 404, 'value': '{\"value\":{\"error\":\"no such element\",\"message\":\"no such element: Unable to locate element: {\\...\\\\n#16 0x5583a29e6b27 \\\\u003Cunknown>\\\\n#17 0x5583a2a01c23 \\\\u003Cunknown>\\\\n#18 0x7efc051e3b43 \\\\u003Cunknown>\\\\n\"}}'}\n\n    def check_response(self, response: Dict[str, Any]) -> None:\n        \"\"\"Checks that a JSON response from the WebDriver does not have an\n        error.\n    \n        :Args:\n         - response - The JSON response from the WebDriver server as a dictionary\n           object.\n    \n        :Raises: If the response contains an error message.\n        \"\"\"\n        status = response.get(\"status\", None)\n        if not status or status == ErrorCode.SUCCESS:\n            return\n        value = None\n        message = response.get(\"message\", \"\")\n        screen: str = response.get(\"screen\", \"\")\n        stacktrace = None\n        if isinstance(status, int):\n            value_json = response.get(\"value\", None)\n            if value_json and isinstance(value_json, str):\n                import json\n    \n                try:\n                    value = json.loads(value_json)\n                    if len(value) == 1:\n                        value = value[\"value\"]\n                    status = value.get(\"error\", None)\n                    if not status:\n                        status = value.get(\"status\", ErrorCode.UNKNOWN_ERROR)\n                        message = value.get(\"value\") or value.get(\"message\")\n                        if not isinstance(message, str):\n                            value = message\n                            message = message.get(\"message\")\n                    else:\n                        message = value.get(\"message\", None)\n                except ValueError:\n                    pass\n    \n        exception_class: Type[WebDriverException]\n        if status in ErrorCode.NO_SUCH_ELEMENT:\n            exception_class = NoSuchElementException\n        elif status in ErrorCode.NO_SUCH_FRAME:\n            exception_class = NoSuchFrameException\n        elif status in ErrorCode.NO_SUCH_SHADOW_ROOT:\n            exception_class = NoSuchShadowRootException\n        elif status in ErrorCode.NO_SUCH_WINDOW:\n            exception_class = NoSuchWindowException\n        elif status in ErrorCode.STALE_ELEMENT_REFERENCE:\n            exception_class = StaleElementReferenceException\n        elif status in ErrorCode.ELEMENT_NOT_VISIBLE:\n            exception_class = ElementNotVisibleException\n        elif status in ErrorCode.INVALID_ELEMENT_STATE:\n            exception_class = InvalidElementStateException\n        elif (\n            status in ErrorCode.INVALID_SELECTOR\n            or status in ErrorCode.INVALID_XPATH_SELECTOR\n            or status in ErrorCode.INVALID_XPATH_SELECTOR_RETURN_TYPER\n        ):\n            exception_class = InvalidSelectorException\n        elif status in ErrorCode.ELEMENT_IS_NOT_SELECTABLE:\n            exception_class = ElementNotSelectableException\n        elif status in ErrorCode.ELEMENT_NOT_INTERACTABLE:\n            exception_class = ElementNotInteractableException\n        elif status in ErrorCode.INVALID_COOKIE_DOMAIN:\n            exception_class = InvalidCookieDomainException\n        elif status in ErrorCode.UNABLE_TO_SET_COOKIE:\n            exception_class = UnableToSetCookieException\n        elif status in ErrorCode.TIMEOUT:\n            exception_class = TimeoutException\n        elif status in ErrorCode.SCRIPT_TIMEOUT:\n            exception_class = TimeoutException\n        elif status in ErrorCode.UNKNOWN_ERROR:\n            exception_class = WebDriverException\n        elif status in ErrorCode.UNEXPECTED_ALERT_OPEN:\n            exception_class = UnexpectedAlertPresentException\n        elif status in ErrorCode.NO_ALERT_OPEN:\n            exception_class = NoAlertPresentException\n        elif status in ErrorCode.IME_NOT_AVAILABLE:\n            exception_class = ImeNotAvailableException\n        elif status in ErrorCode.IME_ENGINE_ACTIVATION_FAILED:\n            exception_class = ImeActivationFailedException\n        elif status in ErrorCode.MOVE_TARGET_OUT_OF_BOUNDS:\n            exception_class = MoveTargetOutOfBoundsException\n        elif status in ErrorCode.JAVASCRIPT_ERROR:\n            exception_class = JavascriptException\n        elif status in ErrorCode.SESSION_NOT_CREATED:\n            exception_class = SessionNotCreatedException\n        elif status in ErrorCode.INVALID_ARGUMENT:\n            exception_class = InvalidArgumentException\n        elif status in ErrorCode.NO_SUCH_COOKIE:\n            exception_class = NoSuchCookieException\n        elif status in ErrorCode.UNABLE_TO_CAPTURE_SCREEN:\n            exception_class = ScreenshotException\n        elif status in ErrorCode.ELEMENT_CLICK_INTERCEPTED:\n            exception_class = ElementClickInterceptedException\n        elif status in ErrorCode.INSECURE_CERTIFICATE:\n            exception_class = InsecureCertificateException\n        elif status in ErrorCode.INVALID_COORDINATES:\n            exception_class = InvalidCoordinatesException\n        elif status in ErrorCode.INVALID_SESSION_ID:\n            exception_class = InvalidSessionIdException\n        elif status in ErrorCode.UNKNOWN_METHOD:\n            exception_class = UnknownMethodException\n        else:\n            exception_class = WebDriverException\n        if not value:\n            value = response[\"value\"]\n        if isinstance(value, str):\n            raise exception_class(value)\n        if message == \"\" and \"message\" in value:\n            message = value[\"message\"]\n    \n        screen = None  # type: ignore[assignment]\n        if \"screen\" in value:\n            screen = value[\"screen\"]\n    \n        stacktrace = None\n        st_value = value.get(\"stackTrace\") or value.get(\"stacktrace\")\n        if st_value:\n            if isinstance(st_value, str):\n                stacktrace = st_value.split(\"\\n\")\n            else:\n                stacktrace = []\n                try:\n                    for frame in st_value:\n                        line = frame.get(\"lineNumber\", \"\")\n                        file = frame.get(\"fileName\", \"<anonymous>\")\n                        if line:\n                            file = f\"{file}:{line}\"\n                        meth = frame.get(\"methodName\", \"<anonymous>\")\n                        if \"className\" in frame:\n                            meth = f\"{frame['className']}.{meth}\"\n                        msg = \"    at %s (%s)\"\n                        msg = msg % (meth, file)\n                        stacktrace.append(msg)\n                except TypeError:\n                    pass\n        if exception_class == UnexpectedAlertPresentException:\n            alert_text = None\n            if \"data\" in value:\n                alert_text = value[\"data\"].get(\"text\")\n            elif \"alert\" in value:\n                alert_text = value[\"alert\"].get(\"text\")\n            raise exception_class(message, screen, stacktrace, alert_text)  # type: ignore[call-arg]  # mypy is not smart enough here\n>       raise exception_class(message, screen, stacktrace)\nE       selenium.common.exceptions.NoSuchElementException: Message: no such element: Unable to locate element: {\"method\":\"xpath\",\"selector\":\"/html/body/div[1]/div/div/div/div/form/button\"}\nE         (Session info: headless chrome=111.0.5563.146)\nE       Stacktrace:\nE       #0 0x5583a296a243 <unknown>\nE       #1 0x5583a272e7a6 <unknown>\nE       #2 0x5583a276b64d <unknown>\nE       #3 0x5583a276b761 <unknown>\nE       #4 0x5583a27a6da4 <unknown>\nE       #5 0x5583a278c0ad <unknown>\nE       #6 0x5583a27a4932 <unknown>\nE       #7 0x5583a278be53 <unknown>\nE       #8 0x5583a275e9ea <unknown>\nE       #9 0x5583a275fb2e <unknown>\nE       #10 0x5583a29bed5e <unknown>\nE       #11 0x5583a29c2a80 <unknown>\nE       #12 0x5583a29a48b0 <unknown>\nE       #13 0x5583a29c3b63 <unknown>\nE       #14 0x5583a2995f75 <unknown>\nE       #15 0x5583a29e6998 <unknown>\nE       #16 0x5583a29e6b27 <unknown>\nE       #17 0x5583a2a01c23 <unknown>\nE       #18 0x7efc051e3b43 <unknown>\n\n/opt/hostedtoolcache/Python/3.10.10/x64/lib/python3.10/site-packages/selenium/webdriver/remote/errorhandler.py:245: NoSuchElementException","flaky":false,"newFailed":false,"newBroken":false,"newPassed":false,"retriesCount":0,"retriesStatusChange":false,"beforeStages":[{"name":"_xunit_setup_method_fixture_Test_Main_Conduit","time":{"start":1680816974628,"stop":1680816975972,"duration":1344},"status":"passed","steps":[],"attachments":[],"parameters":[],"stepsCount":0,"attachmentsCount":0,"shouldDisplayMessage":false,"hasContent":false}],"testStage":{"status":"broken","statusMessage":"selenium.common.exceptions.NoSuchElementException: Message: no such element: Unable to locate element: {\"method\":\"xpath\",\"selector\":\"/html/body/div[1]/div/div/div/div/form/button\"}\n  (Session info: headless chrome=111.0.5563.146)\nStacktrace:\n#0 0x5583a296a243 <unknown>\n#1 0x5583a272e7a6 <unknown>\n#2 0x5583a276b64d <unknown>\n#3 0x5583a276b761 <unknown>\n#4 0x5583a27a6da4 <unknown>\n#5 0x5583a278c0ad <unknown>\n#6 0x5583a27a4932 <unknown>\n#7 0x5583a278be53 <unknown>\n#8 0x5583a275e9ea <unknown>\n#9 0x5583a275fb2e <unknown>\n#10 0x5583a29bed5e <unknown>\n#11 0x5583a29c2a80 <unknown>\n#12 0x5583a29a48b0 <unknown>\n#13 0x5583a29c3b63 <unknown>\n#14 0x5583a2995f75 <unknown>\n#15 0x5583a29e6998 <unknown>\n#16 0x5583a29e6b27 <unknown>\n#17 0x5583a2a01c23 <unknown>\n#18 0x7efc051e3b43 <unknown>","statusTrace":"self = <test_main_conduit.Test_Main_Conduit object at 0x7f58beddd690>\n\n    @allure.id('TC5')\n    @allure.title('Bejelentkezés - sikeresen')\n    def test_signin_succesfully(self):\n        self.test_signup_succesfully_and_data_input_iteration()\n        time.sleep(6)\n        self.conduit.logout_Btn2().click()\n        time.sleep(2)\n        self.conduit.sign_in_Btn().click()\n        time.sleep(6)\n        # self.conduit.email_input_signup().send_keys(test_list[1])\n        # self.conduit.password_input_signup().send_keys(test_list[2])\n        signup_inputs = self.conduit.sign_up_inputs()\n        counter = 1\n        for input in signup_inputs:\n            input.send_keys(test_list[counter])\n            counter += 1\n        time.sleep(3)\n>       self.conduit.sign_up_Btn_green_1().click()\n\nVizsgaremek_POM/test_main_conduit.py:107: \n_ _ _ _ _ _ _ _ _ _ _ _ _ _ _ _ _ _ _ _ _ _ _ _ _ _ _ _ _ _ _ _ _ _ _ _ _ _ _ _ \nVizsgaremek_POM/field_identification.py:53: in sign_up_Btn_green_1\n    return self.browser.find_element(By.XPATH, '/html/body/div[1]/div/div/div/div/form/button')\n/opt/hostedtoolcache/Python/3.10.10/x64/lib/python3.10/site-packages/selenium/webdriver/remote/webdriver.py:831: in find_element\n    return self.execute(Command.FIND_ELEMENT, {\"using\": by, \"value\": value})[\"value\"]\n/opt/hostedtoolcache/Python/3.10.10/x64/lib/python3.10/site-packages/selenium/webdriver/remote/webdriver.py:440: in execute\n    self.error_handler.check_response(response)\n_ _ _ _ _ _ _ _ _ _ _ _ _ _ _ _ _ _ _ _ _ _ _ _ _ _ _ _ _ _ _ _ _ _ _ _ _ _ _ _ \n\nself = <selenium.webdriver.remote.errorhandler.ErrorHandler object at 0x7f58bee64610>\nresponse = {'status': 404, 'value': '{\"value\":{\"error\":\"no such element\",\"message\":\"no such element: Unable to locate element: {\\...\\\\n#16 0x5583a29e6b27 \\\\u003Cunknown>\\\\n#17 0x5583a2a01c23 \\\\u003Cunknown>\\\\n#18 0x7efc051e3b43 \\\\u003Cunknown>\\\\n\"}}'}\n\n    def check_response(self, response: Dict[str, Any]) -> None:\n        \"\"\"Checks that a JSON response from the WebDriver does not have an\n        error.\n    \n        :Args:\n         - response - The JSON response from the WebDriver server as a dictionary\n           object.\n    \n        :Raises: If the response contains an error message.\n        \"\"\"\n        status = response.get(\"status\", None)\n        if not status or status == ErrorCode.SUCCESS:\n            return\n        value = None\n        message = response.get(\"message\", \"\")\n        screen: str = response.get(\"screen\", \"\")\n        stacktrace = None\n        if isinstance(status, int):\n            value_json = response.get(\"value\", None)\n            if value_json and isinstance(value_json, str):\n                import json\n    \n                try:\n                    value = json.loads(value_json)\n                    if len(value) == 1:\n                        value = value[\"value\"]\n                    status = value.get(\"error\", None)\n                    if not status:\n                        status = value.get(\"status\", ErrorCode.UNKNOWN_ERROR)\n                        message = value.get(\"value\") or value.get(\"message\")\n                        if not isinstance(message, str):\n                            value = message\n                            message = message.get(\"message\")\n                    else:\n                        message = value.get(\"message\", None)\n                except ValueError:\n                    pass\n    \n        exception_class: Type[WebDriverException]\n        if status in ErrorCode.NO_SUCH_ELEMENT:\n            exception_class = NoSuchElementException\n        elif status in ErrorCode.NO_SUCH_FRAME:\n            exception_class = NoSuchFrameException\n        elif status in ErrorCode.NO_SUCH_SHADOW_ROOT:\n            exception_class = NoSuchShadowRootException\n        elif status in ErrorCode.NO_SUCH_WINDOW:\n            exception_class = NoSuchWindowException\n        elif status in ErrorCode.STALE_ELEMENT_REFERENCE:\n            exception_class = StaleElementReferenceException\n        elif status in ErrorCode.ELEMENT_NOT_VISIBLE:\n            exception_class = ElementNotVisibleException\n        elif status in ErrorCode.INVALID_ELEMENT_STATE:\n            exception_class = InvalidElementStateException\n        elif (\n            status in ErrorCode.INVALID_SELECTOR\n            or status in ErrorCode.INVALID_XPATH_SELECTOR\n            or status in ErrorCode.INVALID_XPATH_SELECTOR_RETURN_TYPER\n        ):\n            exception_class = InvalidSelectorException\n        elif status in ErrorCode.ELEMENT_IS_NOT_SELECTABLE:\n            exception_class = ElementNotSelectableException\n        elif status in ErrorCode.ELEMENT_NOT_INTERACTABLE:\n            exception_class = ElementNotInteractableException\n        elif status in ErrorCode.INVALID_COOKIE_DOMAIN:\n            exception_class = InvalidCookieDomainException\n        elif status in ErrorCode.UNABLE_TO_SET_COOKIE:\n            exception_class = UnableToSetCookieException\n        elif status in ErrorCode.TIMEOUT:\n            exception_class = TimeoutException\n        elif status in ErrorCode.SCRIPT_TIMEOUT:\n            exception_class = TimeoutException\n        elif status in ErrorCode.UNKNOWN_ERROR:\n            exception_class = WebDriverException\n        elif status in ErrorCode.UNEXPECTED_ALERT_OPEN:\n            exception_class = UnexpectedAlertPresentException\n        elif status in ErrorCode.NO_ALERT_OPEN:\n            exception_class = NoAlertPresentException\n        elif status in ErrorCode.IME_NOT_AVAILABLE:\n            exception_class = ImeNotAvailableException\n        elif status in ErrorCode.IME_ENGINE_ACTIVATION_FAILED:\n            exception_class = ImeActivationFailedException\n        elif status in ErrorCode.MOVE_TARGET_OUT_OF_BOUNDS:\n            exception_class = MoveTargetOutOfBoundsException\n        elif status in ErrorCode.JAVASCRIPT_ERROR:\n            exception_class = JavascriptException\n        elif status in ErrorCode.SESSION_NOT_CREATED:\n            exception_class = SessionNotCreatedException\n        elif status in ErrorCode.INVALID_ARGUMENT:\n            exception_class = InvalidArgumentException\n        elif status in ErrorCode.NO_SUCH_COOKIE:\n            exception_class = NoSuchCookieException\n        elif status in ErrorCode.UNABLE_TO_CAPTURE_SCREEN:\n            exception_class = ScreenshotException\n        elif status in ErrorCode.ELEMENT_CLICK_INTERCEPTED:\n            exception_class = ElementClickInterceptedException\n        elif status in ErrorCode.INSECURE_CERTIFICATE:\n            exception_class = InsecureCertificateException\n        elif status in ErrorCode.INVALID_COORDINATES:\n            exception_class = InvalidCoordinatesException\n        elif status in ErrorCode.INVALID_SESSION_ID:\n            exception_class = InvalidSessionIdException\n        elif status in ErrorCode.UNKNOWN_METHOD:\n            exception_class = UnknownMethodException\n        else:\n            exception_class = WebDriverException\n        if not value:\n            value = response[\"value\"]\n        if isinstance(value, str):\n            raise exception_class(value)\n        if message == \"\" and \"message\" in value:\n            message = value[\"message\"]\n    \n        screen = None  # type: ignore[assignment]\n        if \"screen\" in value:\n            screen = value[\"screen\"]\n    \n        stacktrace = None\n        st_value = value.get(\"stackTrace\") or value.get(\"stacktrace\")\n        if st_value:\n            if isinstance(st_value, str):\n                stacktrace = st_value.split(\"\\n\")\n            else:\n                stacktrace = []\n                try:\n                    for frame in st_value:\n                        line = frame.get(\"lineNumber\", \"\")\n                        file = frame.get(\"fileName\", \"<anonymous>\")\n                        if line:\n                            file = f\"{file}:{line}\"\n                        meth = frame.get(\"methodName\", \"<anonymous>\")\n                        if \"className\" in frame:\n                            meth = f\"{frame['className']}.{meth}\"\n                        msg = \"    at %s (%s)\"\n                        msg = msg % (meth, file)\n                        stacktrace.append(msg)\n                except TypeError:\n                    pass\n        if exception_class == UnexpectedAlertPresentException:\n            alert_text = None\n            if \"data\" in value:\n                alert_text = value[\"data\"].get(\"text\")\n            elif \"alert\" in value:\n                alert_text = value[\"alert\"].get(\"text\")\n            raise exception_class(message, screen, stacktrace, alert_text)  # type: ignore[call-arg]  # mypy is not smart enough here\n>       raise exception_class(message, screen, stacktrace)\nE       selenium.common.exceptions.NoSuchElementException: Message: no such element: Unable to locate element: {\"method\":\"xpath\",\"selector\":\"/html/body/div[1]/div/div/div/div/form/button\"}\nE         (Session info: headless chrome=111.0.5563.146)\nE       Stacktrace:\nE       #0 0x5583a296a243 <unknown>\nE       #1 0x5583a272e7a6 <unknown>\nE       #2 0x5583a276b64d <unknown>\nE       #3 0x5583a276b761 <unknown>\nE       #4 0x5583a27a6da4 <unknown>\nE       #5 0x5583a278c0ad <unknown>\nE       #6 0x5583a27a4932 <unknown>\nE       #7 0x5583a278be53 <unknown>\nE       #8 0x5583a275e9ea <unknown>\nE       #9 0x5583a275fb2e <unknown>\nE       #10 0x5583a29bed5e <unknown>\nE       #11 0x5583a29c2a80 <unknown>\nE       #12 0x5583a29a48b0 <unknown>\nE       #13 0x5583a29c3b63 <unknown>\nE       #14 0x5583a2995f75 <unknown>\nE       #15 0x5583a29e6998 <unknown>\nE       #16 0x5583a29e6b27 <unknown>\nE       #17 0x5583a2a01c23 <unknown>\nE       #18 0x7efc051e3b43 <unknown>\n\n/opt/hostedtoolcache/Python/3.10.10/x64/lib/python3.10/site-packages/selenium/webdriver/remote/errorhandler.py:245: NoSuchElementException","steps":[],"attachments":[{"uid":"25ef5b96b3c000c1","name":"stdout","source":"25ef5b96b3c000c1.txt","type":"text/plain","size":13}],"parameters":[],"stepsCount":0,"attachmentsCount":1,"shouldDisplayMessage":true,"hasContent":true},"afterStages":[{"name":"_xunit_setup_method_fixture_Test_Main_Conduit::0","time":{"start":1680817000640,"stop":1680817000702,"duration":62},"status":"passed","steps":[],"attachments":[],"parameters":[],"stepsCount":0,"attachmentsCount":0,"shouldDisplayMessage":false,"hasContent":false}],"labels":[{"name":"as_id","value":"TC5"},{"name":"parentSuite","value":"Vizsgaremek_POM"},{"name":"suite","value":"test_main_conduit"},{"name":"subSuite","value":"Test_Main_Conduit"},{"name":"host","value":"fv-az561-772"},{"name":"thread","value":"3143-MainThread"},{"name":"framework","value":"pytest"},{"name":"language","value":"cpython3"},{"name":"package","value":"Vizsgaremek_POM.test_main_conduit"},{"name":"resultFormat","value":"allure2"}],"parameters":[],"links":[],"hidden":false,"retry":false,"extra":{"severity":"normal","retries":[],"categories":[{"name":"Test defects","matchedStatuses":[],"flaky":false}],"tags":[]},"source":"cd0d28584b824d73.json","parameterValues":[]}